(0000) 3000  0011000000000000 (   2)                 .ORIG x3000
(3000) E015  1110000000010101 (   3) RESTART         LEA   R0 PROMPT
(3001) F022  1111000000100010 (   4)                 TRAP  x22
(3002) F020  1111000000100000 (   5)                 TRAP  x20
(3003) 1620  0001011000100000 (   6)                 ADD   R3 R0 #0
(3004) 16F0  0001011011110000 (   7)                 ADD   R3 R3 #-16
(3005) 16F0  0001011011110000 (   8)                 ADD   R3 R3 #-16
(3006) 16F0  0001011011110000 (   9)                 ADD   R3 R3 #-16
(3007) 18FA  0001100011111010 (  10)                 ADD   R4 R3 #-6
(3008) 020A  0000001000001010 (  11)                 BRP   ERROR
(3009) E028  1110000000101000 (  12)                 LEA   R0 DAYS
(300A) 16E0  0001011011100000 (  13)                 ADD   R3 R3 #0
(300B) 0403  0000010000000011 (  14) LOOP            BRZ   DISPLAY
(300C) 102A  0001000000101010 (  15)                 ADD   R0 R0 #10
(300D) 16FF  0001011011111111 (  16)                 ADD   R3 R3 #-1
(300E) 0FFC  0000111111111100 (  17)                 BRNZP LOOP
(300F) F022  1111000000100010 (  18) DISPLAY         TRAP  x22
(3010) E075  1110000001110101 (  19)                 LEA   R0 LF
(3011) F022  1111000000100010 (  20)                 TRAP  x22
(3012) 0FED  0000111111101101 (  21)                 BRNZP RESTART
(3013) E064  1110000001100100 (  22) ERROR           LEA   R0 ERMS
(3014) F022  1111000000100010 (  23)                 TRAP  x22
(3015) F025  1111000000100101 (  24)                 TRAP  x25
(3016) 0050  0000000001010000 (  28) PROMPT          .FILL x0050
(3017) 004C  0000000001001100 (  28)                 .FILL x004C
(3018) 0045  0000000001000101 (  28)                 .FILL x0045
(3019) 0041  0000000001000001 (  28)                 .FILL x0041
(301A) 0053  0000000001010011 (  28)                 .FILL x0053
(301B) 0045  0000000001000101 (  28)                 .FILL x0045
(301C) 0020  0000000000100000 (  28)                 .FILL x0020
(301D) 0045  0000000001000101 (  28)                 .FILL x0045
(301E) 004E  0000000001001110 (  28)                 .FILL x004E
(301F) 0054  0000000001010100 (  28)                 .FILL x0054
(3020) 0045  0000000001000101 (  28)                 .FILL x0045
(3021) 0052  0000000001010010 (  28)                 .FILL x0052
(3022) 0020  0000000000100000 (  28)                 .FILL x0020
(3023) 004E  0000000001001110 (  28)                 .FILL x004E
(3024) 0055  0000000001010101 (  28)                 .FILL x0055
(3025) 004D  0000000001001101 (  28)                 .FILL x004D
(3026) 0042  0000000001000010 (  28)                 .FILL x0042
(3027) 0045  0000000001000101 (  28)                 .FILL x0045
(3028) 0052  0000000001010010 (  28)                 .FILL x0052
(3029) 0020  0000000000100000 (  28)                 .FILL x0020
(302A) 0030  0000000000110000 (  28)                 .FILL x0030
(302B) 0020  0000000000100000 (  28)                 .FILL x0020
(302C) 002D  0000000000101101 (  28)                 .FILL x002D
(302D) 0020  0000000000100000 (  28)                 .FILL x0020
(302E) 0036  0000000000110110 (  28)                 .FILL x0036
(302F) 003A  0000000000111010 (  28)                 .FILL x003A
(3030) 0020  0000000000100000 (  28)                 .FILL x0020
(3031) 0000  0000000000000000 (  28)                 .FILL x0000
(3032) 0053  0000000001010011 (  29) DAYS            .FILL x0053
(3033) 0055  0000000001010101 (  29)                 .FILL x0055
(3034) 004E  0000000001001110 (  29)                 .FILL x004E
(3035) 0044  0000000001000100 (  29)                 .FILL x0044
(3036) 0041  0000000001000001 (  29)                 .FILL x0041
(3037) 0059  0000000001011001 (  29)                 .FILL x0059
(3038) 0020  0000000000100000 (  29)                 .FILL x0020
(3039) 0020  0000000000100000 (  29)                 .FILL x0020
(303A) 0020  0000000000100000 (  29)                 .FILL x0020
(303B) 0000  0000000000000000 (  29)                 .FILL x0000
(303C) 004D  0000000001001101 (  30)                 .FILL x004D
(303D) 004F  0000000001001111 (  30)                 .FILL x004F
(303E) 004E  0000000001001110 (  30)                 .FILL x004E
(303F) 0044  0000000001000100 (  30)                 .FILL x0044
(3040) 0041  0000000001000001 (  30)                 .FILL x0041
(3041) 0059  0000000001011001 (  30)                 .FILL x0059
(3042) 0020  0000000000100000 (  30)                 .FILL x0020
(3043) 0020  0000000000100000 (  30)                 .FILL x0020
(3044) 0020  0000000000100000 (  30)                 .FILL x0020
(3045) 0000  0000000000000000 (  30)                 .FILL x0000
(3046) 0054  0000000001010100 (  31)                 .FILL x0054
(3047) 0055  0000000001010101 (  31)                 .FILL x0055
(3048) 0045  0000000001000101 (  31)                 .FILL x0045
(3049) 0053  0000000001010011 (  31)                 .FILL x0053
(304A) 0044  0000000001000100 (  31)                 .FILL x0044
(304B) 0041  0000000001000001 (  31)                 .FILL x0041
(304C) 0059  0000000001011001 (  31)                 .FILL x0059
(304D) 0020  0000000000100000 (  31)                 .FILL x0020
(304E) 0020  0000000000100000 (  31)                 .FILL x0020
(304F) 0000  0000000000000000 (  31)                 .FILL x0000
(3050) 0057  0000000001010111 (  32)                 .FILL x0057
(3051) 0045  0000000001000101 (  32)                 .FILL x0045
(3052) 0044  0000000001000100 (  32)                 .FILL x0044
(3053) 004E  0000000001001110 (  32)                 .FILL x004E
(3054) 0045  0000000001000101 (  32)                 .FILL x0045
(3055) 0053  0000000001010011 (  32)                 .FILL x0053
(3056) 0044  0000000001000100 (  32)                 .FILL x0044
(3057) 0041  0000000001000001 (  32)                 .FILL x0041
(3058) 0059  0000000001011001 (  32)                 .FILL x0059
(3059) 0000  0000000000000000 (  32)                 .FILL x0000
(305A) 0054  0000000001010100 (  33)                 .FILL x0054
(305B) 0048  0000000001001000 (  33)                 .FILL x0048
(305C) 0055  0000000001010101 (  33)                 .FILL x0055
(305D) 0052  0000000001010010 (  33)                 .FILL x0052
(305E) 0053  0000000001010011 (  33)                 .FILL x0053
(305F) 0044  0000000001000100 (  33)                 .FILL x0044
(3060) 0041  0000000001000001 (  33)                 .FILL x0041
(3061) 0059  0000000001011001 (  33)                 .FILL x0059
(3062) 0020  0000000000100000 (  33)                 .FILL x0020
(3063) 0000  0000000000000000 (  33)                 .FILL x0000
(3064) 0046  0000000001000110 (  34)                 .FILL x0046
(3065) 0052  0000000001010010 (  34)                 .FILL x0052
(3066) 0049  0000000001001001 (  34)                 .FILL x0049
(3067) 0044  0000000001000100 (  34)                 .FILL x0044
(3068) 0041  0000000001000001 (  34)                 .FILL x0041
(3069) 0059  0000000001011001 (  34)                 .FILL x0059
(306A) 0020  0000000000100000 (  34)                 .FILL x0020
(306B) 0020  0000000000100000 (  34)                 .FILL x0020
(306C) 0020  0000000000100000 (  34)                 .FILL x0020
(306D) 0000  0000000000000000 (  34)                 .FILL x0000
(306E) 0053  0000000001010011 (  35)                 .FILL x0053
(306F) 0041  0000000001000001 (  35)                 .FILL x0041
(3070) 0054  0000000001010100 (  35)                 .FILL x0054
(3071) 0055  0000000001010101 (  35)                 .FILL x0055
(3072) 0052  0000000001010010 (  35)                 .FILL x0052
(3073) 0044  0000000001000100 (  35)                 .FILL x0044
(3074) 0041  0000000001000001 (  35)                 .FILL x0041
(3075) 0059  0000000001011001 (  35)                 .FILL x0059
(3076) 0020  0000000000100000 (  35)                 .FILL x0020
(3077) 0000  0000000000000000 (  35)                 .FILL x0000
(3078) 0049  0000000001001001 (  36) ERMS            .FILL x0049
(3079) 004E  0000000001001110 (  36)                 .FILL x004E
(307A) 0056  0000000001010110 (  36)                 .FILL x0056
(307B) 0041  0000000001000001 (  36)                 .FILL x0041
(307C) 004C  0000000001001100 (  36)                 .FILL x004C
(307D) 0049  0000000001001001 (  36)                 .FILL x0049
(307E) 0044  0000000001000100 (  36)                 .FILL x0044
(307F) 0020  0000000000100000 (  36)                 .FILL x0020
(3080) 0049  0000000001001001 (  36)                 .FILL x0049
(3081) 004E  0000000001001110 (  36)                 .FILL x004E
(3082) 0050  0000000001010000 (  36)                 .FILL x0050
(3083) 0055  0000000001010101 (  36)                 .FILL x0055
(3084) 0054  0000000001010100 (  36)                 .FILL x0054
(3085) 0000  0000000000000000 (  36)                 .FILL x0000
(3086) 000A  0000000000001010 (  37) LF              .FILL x000A
