(0000) 3000  0011000000000000 (   3)                 .ORIG x3000
(3000) E032  1110000000110010 (   4) RESTART         LEA   R0 PROMPT
(3001) F022  1111000000100010 (   5)                 TRAP  x22
(3002) F020  1111000000100000 (   6)                 TRAP  x20
(3003) 1620  0001011000100000 (   7)                 ADD   R3 R0 #0
(3004) F020  1111000000100000 (   8)                 TRAP  x20
(3005) 1820  0001100000100000 (   9)                 ADD   R4 R0 #0
(3006) 5FE0  0101111111100000 (  10)                 AND   R7 R7 #0
(3007) 16F0  0001011011110000 (  12)                 ADD   R3 R3 #-16
(3008) 16F0  0001011011110000 (  13)                 ADD   R3 R3 #-16
(3009) 16F0  0001011011110000 (  14)                 ADD   R3 R3 #-16
(300A) 1930  0001100100110000 (  16)                 ADD   R4 R4 #-16
(300B) 1930  0001100100110000 (  17)                 ADD   R4 R4 #-16
(300C) 1930  0001100100110000 (  18)                 ADD   R4 R4 #-16
(300D) 0812  0000100000010010 (  20)                 BRN   NOSECD
(300E) 1B37  0001101100110111 (  21)                 ADD   R5 R4 #-9
(300F) 0220  0000001000100000 (  22)                 BRP   ERROR
(3010) 5B60  0101101101100000 (  24)                 AND   R5 R5 #0
(3011) 1AE0  0001101011100000 (  25)                 ADD   R5 R3 #0
(3012) 081D  0000100000011101 (  26)                 BRN   ERROR
(3013) 1B77  0001101101110111 (  28)                 ADD   R5 R5 #-9
(3014) 021B  0000001000011011 (  29)                 BRP   ERROR
(3015) 5B60  0101101101100000 (  30)                 AND   R5 R5 #0
(3016) 1AE0  0001101011100000 (  32)                 ADD   R5 R3 #0
(3017) 1B7F  0001101101111111 (  33)                 ADD   R5 R5 #-1
(3018) 0217  0000001000010111 (  34)                 BRP   ERROR
(3019) 0404  0000010000000100 (  35)                 BRZ   TEN
(301A) 0800  0000100000000000 (  36)                 BRN   ONES
(301B) E039  1110000000111001 (  38) ONES            LEA   R0 MONTH
(301C) 1FC4  0001111111000100 (  39)                 ADD   R7 R7 R4
(301D) 0E0A  0000111000001010 (  40)                 BRNZP LOOP
(301E) 1FEA  0001111111101010 (  44) TEN             ADD   R7 R7 #10
(301F) 0FFB  0000111111111011 (  45)                 BRNZP ONES
(3020) 1AE0  0001101011100000 (  54) NOSECD          ADD   R5 R3 #0
(3021) 080E  0000100000001110 (  55)                 BRN   ERROR
(3022) 1B77  0001101101110111 (  56)                 ADD   R5 R5 #-9
(3023) 020C  0000001000001100 (  57)                 BRP   ERROR
(3024) E030  1110000000110000 (  58)                 LEA   R0 MONTH
(3025) 5FE0  0101111111100000 (  59)                 AND   R7 R7 #0
(3026) 1FC3  0001111111000011 (  60)                 ADD   R7 R7 R3
(3027) 1FE0  0001111111100000 (  61)                 ADD   R7 R7 #0
(3028) 0403  0000010000000011 (  63) LOOP            BRZ   DISPLAY
(3029) 102A  0001000000101010 (  64)                 ADD   R0 R0 #10
(302A) 1FFF  0001111111111111 (  65)                 ADD   R7 R7 #-1
(302B) 0FFC  0000111111111100 (  66)                 BRNZP LOOP
(302C) F022  1111000000100010 (  69) DISPLAY         TRAP  x22
(302D) E0AD  1110000010101101 (  70)                 LEA   R0 LF
(302E) F022  1111000000100010 (  71)                 TRAP  x22
(302F) 0FD0  0000111111010000 (  72)                 BRNZP RESTART
(3030) E09C  1110000010011100 (  76) ERROR           LEA   R0 ERMS
(3031) F022  1111000000100010 (  77)                 TRAP  x22
(3032) F025  1111000000100101 (  78)                 TRAP  x25
(3033) 0050  0000000001010000 (  82) PROMPT          .FILL x0050
(3034) 004C  0000000001001100 (  82)                 .FILL x004C
(3035) 0045  0000000001000101 (  82)                 .FILL x0045
(3036) 0041  0000000001000001 (  82)                 .FILL x0041
(3037) 0053  0000000001010011 (  82)                 .FILL x0053
(3038) 0045  0000000001000101 (  82)                 .FILL x0045
(3039) 0020  0000000000100000 (  82)                 .FILL x0020
(303A) 0045  0000000001000101 (  82)                 .FILL x0045
(303B) 004E  0000000001001110 (  82)                 .FILL x004E
(303C) 0054  0000000001010100 (  82)                 .FILL x0054
(303D) 0045  0000000001000101 (  82)                 .FILL x0045
(303E) 0052  0000000001010010 (  82)                 .FILL x0052
(303F) 0020  0000000000100000 (  82)                 .FILL x0020
(3040) 004E  0000000001001110 (  82)                 .FILL x004E
(3041) 0055  0000000001010101 (  82)                 .FILL x0055
(3042) 004D  0000000001001101 (  82)                 .FILL x004D
(3043) 0042  0000000001000010 (  82)                 .FILL x0042
(3044) 0045  0000000001000101 (  82)                 .FILL x0045
(3045) 0052  0000000001010010 (  82)                 .FILL x0052
(3046) 0020  0000000000100000 (  82)                 .FILL x0020
(3047) 0027  0000000000100111 (  82)                 .FILL x0027
(3048) 0030  0000000000110000 (  82)                 .FILL x0030
(3049) 0030  0000000000110000 (  82)                 .FILL x0030
(304A) 0027  0000000000100111 (  82)                 .FILL x0027
(304B) 0020  0000000000100000 (  82)                 .FILL x0020
(304C) 002D  0000000000101101 (  82)                 .FILL x002D
(304D) 0020  0000000000100000 (  82)                 .FILL x0020
(304E) 0027  0000000000100111 (  82)                 .FILL x0027
(304F) 0031  0000000000110001 (  82)                 .FILL x0031
(3050) 0031  0000000000110001 (  82)                 .FILL x0031
(3051) 0027  0000000000100111 (  82)                 .FILL x0027
(3052) 003A  0000000000111010 (  82)                 .FILL x003A
(3053) 0020  0000000000100000 (  82)                 .FILL x0020
(3054) 0000  0000000000000000 (  82)                 .FILL x0000
(3055) 004A  0000000001001010 (  83) MONTH           .FILL x004A
(3056) 0041  0000000001000001 (  83)                 .FILL x0041
(3057) 004E  0000000001001110 (  83)                 .FILL x004E
(3058) 0055  0000000001010101 (  83)                 .FILL x0055
(3059) 0041  0000000001000001 (  83)                 .FILL x0041
(305A) 0052  0000000001010010 (  83)                 .FILL x0052
(305B) 0059  0000000001011001 (  83)                 .FILL x0059
(305C) 0020  0000000000100000 (  83)                 .FILL x0020
(305D) 0020  0000000000100000 (  83)                 .FILL x0020
(305E) 0000  0000000000000000 (  83)                 .FILL x0000
(305F) 0046  0000000001000110 (  84)                 .FILL x0046
(3060) 0045  0000000001000101 (  84)                 .FILL x0045
(3061) 0042  0000000001000010 (  84)                 .FILL x0042
(3062) 0052  0000000001010010 (  84)                 .FILL x0052
(3063) 0055  0000000001010101 (  84)                 .FILL x0055
(3064) 0041  0000000001000001 (  84)                 .FILL x0041
(3065) 0052  0000000001010010 (  84)                 .FILL x0052
(3066) 0059  0000000001011001 (  84)                 .FILL x0059
(3067) 0020  0000000000100000 (  84)                 .FILL x0020
(3068) 0000  0000000000000000 (  84)                 .FILL x0000
(3069) 004D  0000000001001101 (  85)                 .FILL x004D
(306A) 0041  0000000001000001 (  85)                 .FILL x0041
(306B) 0052  0000000001010010 (  85)                 .FILL x0052
(306C) 0043  0000000001000011 (  85)                 .FILL x0043
(306D) 0048  0000000001001000 (  85)                 .FILL x0048
(306E) 0020  0000000000100000 (  85)                 .FILL x0020
(306F) 0020  0000000000100000 (  85)                 .FILL x0020
(3070) 0020  0000000000100000 (  85)                 .FILL x0020
(3071) 0020  0000000000100000 (  85)                 .FILL x0020
(3072) 0000  0000000000000000 (  85)                 .FILL x0000
(3073) 0041  0000000001000001 (  86)                 .FILL x0041
(3074) 0050  0000000001010000 (  86)                 .FILL x0050
(3075) 0052  0000000001010010 (  86)                 .FILL x0052
(3076) 0049  0000000001001001 (  86)                 .FILL x0049
(3077) 004C  0000000001001100 (  86)                 .FILL x004C
(3078) 0020  0000000000100000 (  86)                 .FILL x0020
(3079) 0020  0000000000100000 (  86)                 .FILL x0020
(307A) 0020  0000000000100000 (  86)                 .FILL x0020
(307B) 0020  0000000000100000 (  86)                 .FILL x0020
(307C) 0000  0000000000000000 (  86)                 .FILL x0000
(307D) 004D  0000000001001101 (  87)                 .FILL x004D
(307E) 0041  0000000001000001 (  87)                 .FILL x0041
(307F) 0059  0000000001011001 (  87)                 .FILL x0059
(3080) 0020  0000000000100000 (  87)                 .FILL x0020
(3081) 0020  0000000000100000 (  87)                 .FILL x0020
(3082) 0020  0000000000100000 (  87)                 .FILL x0020
(3083) 0020  0000000000100000 (  87)                 .FILL x0020
(3084) 0020  0000000000100000 (  87)                 .FILL x0020
(3085) 0020  0000000000100000 (  87)                 .FILL x0020
(3086) 0000  0000000000000000 (  87)                 .FILL x0000
(3087) 004A  0000000001001010 (  88)                 .FILL x004A
(3088) 0055  0000000001010101 (  88)                 .FILL x0055
(3089) 004E  0000000001001110 (  88)                 .FILL x004E
(308A) 0045  0000000001000101 (  88)                 .FILL x0045
(308B) 0020  0000000000100000 (  88)                 .FILL x0020
(308C) 0020  0000000000100000 (  88)                 .FILL x0020
(308D) 0020  0000000000100000 (  88)                 .FILL x0020
(308E) 0020  0000000000100000 (  88)                 .FILL x0020
(308F) 0020  0000000000100000 (  88)                 .FILL x0020
(3090) 0000  0000000000000000 (  88)                 .FILL x0000
(3091) 004A  0000000001001010 (  89)                 .FILL x004A
(3092) 0055  0000000001010101 (  89)                 .FILL x0055
(3093) 004C  0000000001001100 (  89)                 .FILL x004C
(3094) 0059  0000000001011001 (  89)                 .FILL x0059
(3095) 0020  0000000000100000 (  89)                 .FILL x0020
(3096) 0020  0000000000100000 (  89)                 .FILL x0020
(3097) 0020  0000000000100000 (  89)                 .FILL x0020
(3098) 0020  0000000000100000 (  89)                 .FILL x0020
(3099) 0020  0000000000100000 (  89)                 .FILL x0020
(309A) 0000  0000000000000000 (  89)                 .FILL x0000
(309B) 0041  0000000001000001 (  90)                 .FILL x0041
(309C) 0055  0000000001010101 (  90)                 .FILL x0055
(309D) 0047  0000000001000111 (  90)                 .FILL x0047
(309E) 0055  0000000001010101 (  90)                 .FILL x0055
(309F) 0053  0000000001010011 (  90)                 .FILL x0053
(30A0) 0054  0000000001010100 (  90)                 .FILL x0054
(30A1) 0020  0000000000100000 (  90)                 .FILL x0020
(30A2) 0020  0000000000100000 (  90)                 .FILL x0020
(30A3) 0020  0000000000100000 (  90)                 .FILL x0020
(30A4) 0000  0000000000000000 (  90)                 .FILL x0000
(30A5) 0053  0000000001010011 (  91)                 .FILL x0053
(30A6) 0045  0000000001000101 (  91)                 .FILL x0045
(30A7) 0050  0000000001010000 (  91)                 .FILL x0050
(30A8) 0054  0000000001010100 (  91)                 .FILL x0054
(30A9) 0045  0000000001000101 (  91)                 .FILL x0045
(30AA) 004D  0000000001001101 (  91)                 .FILL x004D
(30AB) 0042  0000000001000010 (  91)                 .FILL x0042
(30AC) 0045  0000000001000101 (  91)                 .FILL x0045
(30AD) 0052  0000000001010010 (  91)                 .FILL x0052
(30AE) 0000  0000000000000000 (  91)                 .FILL x0000
(30AF) 004F  0000000001001111 (  92)                 .FILL x004F
(30B0) 0043  0000000001000011 (  92)                 .FILL x0043
(30B1) 0054  0000000001010100 (  92)                 .FILL x0054
(30B2) 004F  0000000001001111 (  92)                 .FILL x004F
(30B3) 0042  0000000001000010 (  92)                 .FILL x0042
(30B4) 0045  0000000001000101 (  92)                 .FILL x0045
(30B5) 0052  0000000001010010 (  92)                 .FILL x0052
(30B6) 0020  0000000000100000 (  92)                 .FILL x0020
(30B7) 0020  0000000000100000 (  92)                 .FILL x0020
(30B8) 0000  0000000000000000 (  92)                 .FILL x0000
(30B9) 004E  0000000001001110 (  93)                 .FILL x004E
(30BA) 004F  0000000001001111 (  93)                 .FILL x004F
(30BB) 0056  0000000001010110 (  93)                 .FILL x0056
(30BC) 0045  0000000001000101 (  93)                 .FILL x0045
(30BD) 004D  0000000001001101 (  93)                 .FILL x004D
(30BE) 0042  0000000001000010 (  93)                 .FILL x0042
(30BF) 0045  0000000001000101 (  93)                 .FILL x0045
(30C0) 0052  0000000001010010 (  93)                 .FILL x0052
(30C1) 0020  0000000000100000 (  93)                 .FILL x0020
(30C2) 0000  0000000000000000 (  93)                 .FILL x0000
(30C3) 0044  0000000001000100 (  94)                 .FILL x0044
(30C4) 0045  0000000001000101 (  94)                 .FILL x0045
(30C5) 0043  0000000001000011 (  94)                 .FILL x0043
(30C6) 0045  0000000001000101 (  94)                 .FILL x0045
(30C7) 004D  0000000001001101 (  94)                 .FILL x004D
(30C8) 0042  0000000001000010 (  94)                 .FILL x0042
(30C9) 0045  0000000001000101 (  94)                 .FILL x0045
(30CA) 0052  0000000001010010 (  94)                 .FILL x0052
(30CB) 0020  0000000000100000 (  94)                 .FILL x0020
(30CC) 0000  0000000000000000 (  94)                 .FILL x0000
(30CD) 0049  0000000001001001 (  95) ERMS            .FILL x0049
(30CE) 004E  0000000001001110 (  95)                 .FILL x004E
(30CF) 0056  0000000001010110 (  95)                 .FILL x0056
(30D0) 0041  0000000001000001 (  95)                 .FILL x0041
(30D1) 004C  0000000001001100 (  95)                 .FILL x004C
(30D2) 0049  0000000001001001 (  95)                 .FILL x0049
(30D3) 0044  0000000001000100 (  95)                 .FILL x0044
(30D4) 0020  0000000000100000 (  95)                 .FILL x0020
(30D5) 0049  0000000001001001 (  95)                 .FILL x0049
(30D6) 004E  0000000001001110 (  95)                 .FILL x004E
(30D7) 0050  0000000001010000 (  95)                 .FILL x0050
(30D8) 0055  0000000001010101 (  95)                 .FILL x0055
(30D9) 0054  0000000001010100 (  95)                 .FILL x0054
(30DA) 0000  0000000000000000 (  95)                 .FILL x0000
(30DB) 000A  0000000000001010 (  96) LF              .FILL x000A
