(0000) 3000  0011000000000000 (   5)                 .ORIG x3000
(3000) A232  1010001000110010 (   6)                 LDI   R1 X
(3001) A432  1010010000110010 (   7)                 LDI   R2 Y
(3002) 4805  0100100000000101 (   8)                 JSR   MULT
(3003) B631  1011011000110001 (   9)                 STI   R3 XY
(3004) 481C  0100100000011100 (  10)                 JSR   DIV
(3005) BA30  1011101000110000 (  11)                 STI   R5 QUOT
(3006) B630  1011011000110000 (  12)                 STI   R3 R
(3007) F025  1111000000100101 (  13)                 TRAP  x25
(3008) 3A16  0011101000010110 (  18) MULT            ST    R5 SaveReg5
(3009) 3C16  0011110000010110 (  19)                 ST    R6 SaveReg6
(300A) 1AA0  0001101010100000 (  22)                 ADD   R5 R2 #0
(300B) 993F  1001100100111111 (  23)                 NOT   R4 R4
(300C) 1921  0001100100100001 (  24)                 ADD   R4 R4 #1
(300D) 0206  0000001000000110 (  25)                 BRP   POSLOOP
(300E) 1D44  0001110101000100 (  28) LOOP            ADD   R6 R5 R4
(300F) 0603  0000011000000011 (  29)                 BRZP  QUIT1
(3010) 1B61  0001101101100001 (  30)                 ADD   R5 R5 #1
(3011) 16C1  0001011011000001 (  31)                 ADD   R3 R3 R1
(3012) 0FFB  0000111111111011 (  32)                 BRNZP LOOP
(3013) C1C0  1100000111000000 (  33) QUIT1           RET   
(3014) 1920  0001100100100000 (  36) POSLOOP         ADD   R4 R4 #0
(3015) 1D44  0001110101000100 (  37) LOOP2           ADD   R6 R5 R4
(3016) 0603  0000011000000011 (  38)                 BRZP  QUIT2
(3017) 1B61  0001101101100001 (  39)                 ADD   R5 R5 #1
(3018) 16C1  0001011011000001 (  40)                 ADD   R3 R3 R1
(3019) 0FFB  0000111111111011 (  41)                 BRNZP LOOP2
(301A) 96FF  1001011011111111 (  42) QUIT2           NOT   R3 R3
(301B) 16E1  0001011011100001 (  43)                 ADD   R3 R3 #1
(301C) 2A02  0010101000000010 (  45)                 LD    R5 SaveReg5
(301D) 2C02  0010110000000010 (  46)                 LD    R6 SaveReg6
(301E) C1C0  1100000111000000 (  48)                 RET   
(301F) 0000  0000000000000000 (  50) SaveReg5        .FILL x0000
(3020) 0000  0000000000000000 (  51) SaveReg6        .FILL x0000
(3021) 14A0  0001010010100000 (  54) DIV             ADD   R2 R2 #0
(3022) 040F  0000010000001111 (  55)                 BRZ   QUIT3
(3023) 1CA0  0001110010100000 (  56)                 ADD   R6 R2 #0
(3024) 5B60  0101101101100000 (  57)                 AND   R5 R5 #0
(3025) 1660  0001011001100000 (  58)                 ADD   R3 R1 #0
(3026) 18A0  0001100010100000 (  59)                 ADD   R4 R2 #0
(3027) 993F  1001100100111111 (  60)                 NOT   R4 R4
(3028) 1921  0001100100100001 (  61)                 ADD   R4 R4 #1
(3029) 10C4  0001000011000100 (  62)                 ADD   R0 R3 R4
(302A) 09EF  0000100111101111 (  63)                 BRN   QUIT2
(302B) 1B61  0001101101100001 (  65) LOOP3           ADD   R5 R5 #1
(302C) 16C4  0001011011000100 (  66)                 ADD   R3 R3 R4
(302D) 03FD  0000001111111101 (  67)                 BRP   LOOP3
(302E) 0403  0000010000000011 (  68)                 BRZ   QUIT3
(302F) 16C6  0001011011000110 (  69)                 ADD   R3 R3 R6
(3030) 1B7F  0001101101111111 (  70)                 ADD   R5 R5 #-1
(3031) 0E00  0000111000000000 (  71)                 BRNZP QUIT3
(3032) C1C0  1100000111000000 (  73) QUIT3           RET   
(3033) 3100  0011000100000000 (  75) X               .FILL x3100
(3034) 3101  0011000100000001 (  76) Y               .FILL x3101
(3035) 3102  0011000100000010 (  77) XY              .FILL x3102
(3036) 3103  0011000100000011 (  78) QUOT            .FILL x3103
(3037) 3104  0011000100000100 (  79) R               .FILL x3104
