(0000) 3000  0011000000000000 (   1)                 .ORIG x3000
(3000) A2A7  1010001010100111 (   2)                 LDI   R1 X
(3001) 127E  0001001001111110 (   3)                 ADD   R1 R1 #-2
(3002) 0204  0000001000000100 (   4)                 BRP   NOTJANFEB
(3003) 126C  0001001001101100 (   5)                 ADD   R1 R1 #12
(3004) A0A5  1010000010100101 (   6)                 LDI   R0 C
(3005) 103F  0001000000111111 (   7)                 ADD   R0 R0 #-1
(3006) B0A3  1011000010100011 (   8)                 STI   R0 C
(3007) B2A5  1011001010100101 (  11) NOTJANFEB       STI   R1 M
(3008) 5020  0101000000100000 (  12)                 AND   R0 R0 #0
(3009) 102D  0001000000101101 (  13)                 ADD   R0 R0 #13
(300A) 482B  0100100000101011 (  14)                 JSR   MULT
(300B) 14BF  0001010010111111 (  15)                 ADD   R2 R2 #-1
(300C) B4A1  1011010010100001 (  16)                 STI   R2 NEWM
(300D) 10A0  0001000010100000 (  17)                 ADD   R0 R2 #0
(300E) 5260  0101001001100000 (  18)                 AND   R1 R1 #0
(300F) 1265  0001001001100101 (  19)                 ADD   R1 R1 #5
(3010) 482F  0100100000101111 (  20)                 JSR   DIV
(3011) B49D  1011010010011101 (  20)                 STI   R2 QUOTOFM
(3012) A097  1010000010010111 (  21)                 LDI   R0 C
(3013) 5260  0101001001100000 (  22)                 AND   R1 R1 #0
(3014) 126F  0001001001101111 (  23)                 ADD   R1 R1 #15
(3015) 126F  0001001001101111 (  24)                 ADD   R1 R1 #15
(3016) 126F  0001001001101111 (  25)                 ADD   R1 R1 #15
(3017) 126F  0001001001101111 (  26)                 ADD   R1 R1 #15
(3018) 126F  0001001001101111 (  27)                 ADD   R1 R1 #15
(3019) 126F  0001001001101111 (  28)                 ADD   R1 R1 #15
(301A) 126A  0001001001101010 (  29)                 ADD   R1 R1 #10
(301B) 4824  0100100000100100 (  30)                 JSR   DIV
(301C) B08E  1011000010001110 (  31)                 STI   R0 D
(301D) B496  1011010010010110 (  32)                 STI   R2 NEWC
(301E) A08C  1010000010001100 (  33)                 LDI   R0 D
(301F) 5260  0101001001100000 (  34)                 AND   R1 R1 #0
(3020) 1264  0001001001100100 (  35)                 ADD   R1 R1 #4
(3021) 481E  0100100000011110 (  36)                 JSR   DIV
(3022) B48D  1011010010001101 (  37)                 STI   R2 QUOTOFD
(3023) A090  1010000010010000 (  38)                 LDI   R0 NEWC
(3024) 5260  0101001001100000 (  39)                 AND   R1 R1 #0
(3025) 1264  0001001001100100 (  40)                 ADD   R1 R1 #4
(3026) 4819  0100100000011001 (  41)                 JSR   DIV
(3027) B489  1011010010001001 (  42)                 STI   R2 QUOTOFC
(3028) 4829  0100100000101001 (  43)                 JSR   ZELLERS
(3029) B088  1011000010001000 (  44)                 STI   R0 F
(302A) 5260  0101001001100000 (  45)                 AND   R1 R1 #0
(302B) 1267  0001001001100111 (  46)                 ADD   R1 R1 #7
(302C) 4813  0100100000010011 (  47)                 JSR   DIV
(302D) B085  1011000010000101 (  48)                 STI   R0 MODF
(302E) 1220  0001001000100000 (  49)                 ADD   R1 R0 #0
(302F) E032  1110000000110010 (  50)                 LEA   R0 DAYS
(3030) 127F  0001001001111111 (  52) LOOP            ADD   R1 R1 #-1
(3031) 0802  0000100000000010 (  53)                 BRN   DISPLAY
(3032) 102A  0001000000101010 (  54)                 ADD   R0 R0 #10
(3033) 0FFC  0000111111111100 (  55)                 BRNZP LOOP
(3034) F022  1111000000100010 (  56) DISPLAY         TRAP  x22
(3035) F025  1111000000100101 (  57)                 TRAP  x25
(3036) 1020  0001000000100000 (  60) MULT            ADD   R0 R0 #0
(3037) 0C29  0000110000101001 (  61)                 BRNZ  END
(3038) 1260  0001001001100000 (  62)                 ADD   R1 R1 #0
(3039) 0C27  0000110000100111 (  63)                 BRNZ  END
(303A) 54A0  0101010010100000 (  64)                 AND   R2 R2 #0
(303B) 1480  0001010010000000 (  66) MULTLOOP        ADD   R2 R2 R0
(303C) 127F  0001001001111111 (  67)                 ADD   R1 R1 #-1
(303D) 03FD  0000001111111101 (  68)                 BRP   MULTLOOP
(303E) 0822  0000100000100010 (  69)                 BRN   END
(303F) C1C0  1100000111000000 (  70)                 RET   
(3040) 1020  0001000000100000 (  72) DIV             ADD   R0 R0 #0
(3041) 081F  0000100000011111 (  73)                 BRN   END
(3042) 1260  0001001001100000 (  74)                 ADD   R1 R1 #0
(3043) 0C1D  0000110000011101 (  75)                 BRNZ  END
(3044) 927F  1001001001111111 (  76)                 NOT   R1 R1
(3045) 1261  0001001001100001 (  77)                 ADD   R1 R1 #1
(3046) 54A0  0101010010100000 (  78)                 AND   R2 R2 #0
(3047) 1001  0001000000000001 (  81) DIVLOOP         ADD   R0 R0 R1
(3048) 0805  0000100000000101 (  82)                 BRN   DIVEND
(3049) 0402  0000010000000010 (  83)                 BRZ   DIVENDNOR
(304A) 14A1  0001010010100001 (  84)                 ADD   R2 R2 #1
(304B) 0FFB  0000111111111011 (  85)                 BRNZP DIVLOOP
(304C) 14A1  0001010010100001 (  87) DIVENDNOR       ADD   R2 R2 #1
(304D) 1001  0001000000000001 (  88)                 ADD   R0 R0 R1
(304E) 927F  1001001001111111 (  91) DIVEND          NOT   R1 R1
(304F) 1261  0001001001100001 (  92)                 ADD   R1 R1 #1
(3050) 1001  0001000000000001 (  93)                 ADD   R0 R0 R1
(3051) C1C0  1100000111000000 (  94)                 RET   
(3052) A056  1010000001010110 (  96) ZELLERS         LDI   R0 K
(3053) A25B  1010001001011011 (  97)                 LDI   R1 QUOTOFM
(3054) 1001  0001000000000001 (  98)                 ADD   R0 R0 R1
(3055) A255  1010001001010101 (  99)                 LDI   R1 D
(3056) 1001  0001000000000001 ( 100)                 ADD   R0 R0 R1
(3057) A258  1010001001011000 ( 101)                 LDI   R1 QUOTOFD
(3058) 1001  0001000000000001 ( 102)                 ADD   R0 R0 R1
(3059) A257  1010001001010111 ( 103)                 LDI   R1 QUOTOFC
(305A) 1001  0001000000000001 ( 104)                 ADD   R0 R0 R1
(305B) A258  1010001001011000 ( 105)                 LDI   R1 NEWC
(305C) 1241  0001001001000001 ( 106)                 ADD   R1 R1 R1
(305D) 927F  1001001001111111 ( 107)                 NOT   R1 R1
(305E) 1261  0001001001100001 ( 108)                 ADD   R1 R1 #1
(305F) 1001  0001000000000001 ( 109)                 ADD   R0 R0 R1
(3060) C1C0  1100000111000000 ( 110)                 RET   
(3061) F025  1111000000100101 ( 112) END             TRAP  x25
(3062) 0053  0000000001010011 ( 115) DAYS            .FILL x0053
(3063) 0075  0000000001110101 ( 115)                 .FILL x0075
(3064) 006E  0000000001101110 ( 115)                 .FILL x006E
(3065) 0064  0000000001100100 ( 115)                 .FILL x0064
(3066) 0061  0000000001100001 ( 115)                 .FILL x0061
(3067) 0079  0000000001111001 ( 115)                 .FILL x0079
(3068) 0020  0000000000100000 ( 115)                 .FILL x0020
(3069) 0020  0000000000100000 ( 115)                 .FILL x0020
(306A) 0020  0000000000100000 ( 115)                 .FILL x0020
(306B) 0000  0000000000000000 ( 115)                 .FILL x0000
(306C) 004D  0000000001001101 ( 116)                 .FILL x004D
(306D) 006F  0000000001101111 ( 116)                 .FILL x006F
(306E) 006E  0000000001101110 ( 116)                 .FILL x006E
(306F) 0064  0000000001100100 ( 116)                 .FILL x0064
(3070) 0061  0000000001100001 ( 116)                 .FILL x0061
(3071) 0079  0000000001111001 ( 116)                 .FILL x0079
(3072) 0020  0000000000100000 ( 116)                 .FILL x0020
(3073) 0020  0000000000100000 ( 116)                 .FILL x0020
(3074) 0020  0000000000100000 ( 116)                 .FILL x0020
(3075) 0000  0000000000000000 ( 116)                 .FILL x0000
(3076) 0054  0000000001010100 ( 117)                 .FILL x0054
(3077) 0075  0000000001110101 ( 117)                 .FILL x0075
(3078) 0065  0000000001100101 ( 117)                 .FILL x0065
(3079) 0073  0000000001110011 ( 117)                 .FILL x0073
(307A) 0064  0000000001100100 ( 117)                 .FILL x0064
(307B) 0061  0000000001100001 ( 117)                 .FILL x0061
(307C) 0079  0000000001111001 ( 117)                 .FILL x0079
(307D) 0020  0000000000100000 ( 117)                 .FILL x0020
(307E) 0020  0000000000100000 ( 117)                 .FILL x0020
(307F) 0000  0000000000000000 ( 117)                 .FILL x0000
(3080) 0057  0000000001010111 ( 118)                 .FILL x0057
(3081) 0065  0000000001100101 ( 118)                 .FILL x0065
(3082) 0064  0000000001100100 ( 118)                 .FILL x0064
(3083) 006E  0000000001101110 ( 118)                 .FILL x006E
(3084) 0065  0000000001100101 ( 118)                 .FILL x0065
(3085) 0073  0000000001110011 ( 118)                 .FILL x0073
(3086) 0064  0000000001100100 ( 118)                 .FILL x0064
(3087) 0061  0000000001100001 ( 118)                 .FILL x0061
(3088) 0079  0000000001111001 ( 118)                 .FILL x0079
(3089) 0000  0000000000000000 ( 118)                 .FILL x0000
(308A) 0054  0000000001010100 ( 119)                 .FILL x0054
(308B) 0068  0000000001101000 ( 119)                 .FILL x0068
(308C) 0075  0000000001110101 ( 119)                 .FILL x0075
(308D) 0072  0000000001110010 ( 119)                 .FILL x0072
(308E) 0073  0000000001110011 ( 119)                 .FILL x0073
(308F) 0064  0000000001100100 ( 119)                 .FILL x0064
(3090) 0061  0000000001100001 ( 119)                 .FILL x0061
(3091) 0079  0000000001111001 ( 119)                 .FILL x0079
(3092) 0020  0000000000100000 ( 119)                 .FILL x0020
(3093) 0000  0000000000000000 ( 119)                 .FILL x0000
(3094) 0046  0000000001000110 ( 120)                 .FILL x0046
(3095) 0072  0000000001110010 ( 120)                 .FILL x0072
(3096) 0069  0000000001101001 ( 120)                 .FILL x0069
(3097) 0064  0000000001100100 ( 120)                 .FILL x0064
(3098) 0061  0000000001100001 ( 120)                 .FILL x0061
(3099) 0079  0000000001111001 ( 120)                 .FILL x0079
(309A) 0020  0000000000100000 ( 120)                 .FILL x0020
(309B) 0020  0000000000100000 ( 120)                 .FILL x0020
(309C) 0020  0000000000100000 ( 120)                 .FILL x0020
(309D) 0000  0000000000000000 ( 120)                 .FILL x0000
(309E) 0053  0000000001010011 ( 121)                 .FILL x0053
(309F) 0061  0000000001100001 ( 121)                 .FILL x0061
(30A0) 0074  0000000001110100 ( 121)                 .FILL x0074
(30A1) 0075  0000000001110101 ( 121)                 .FILL x0075
(30A2) 0072  0000000001110010 ( 121)                 .FILL x0072
(30A3) 0064  0000000001100100 ( 121)                 .FILL x0064
(30A4) 0061  0000000001100001 ( 121)                 .FILL x0061
(30A5) 0079  0000000001111001 ( 121)                 .FILL x0079
(30A6) 0020  0000000000100000 ( 121)                 .FILL x0020
(30A7) 0000  0000000000000000 ( 121)                 .FILL x0000
(30A8) 31F0  0011000111110000 ( 122) X               .FILL x31F0
(30A9) 31F1  0011000111110001 ( 123) K               .FILL x31F1
(30AA) 31F2  0011000111110010 ( 124) C               .FILL x31F2
(30AB) 31F3  0011000111110011 ( 125) D               .FILL x31F3
(30AC) 31F4  0011000111110100 ( 126) R               .FILL x31F4
(30AD) 31F5  0011000111110101 ( 127) M               .FILL x31F5
(30AE) 31F6  0011000111110110 ( 128) NEWM            .FILL x31F6
(30AF) 3103  0011000100000011 ( 129) QUOTOFM         .FILL x3103
(30B0) 3104  0011000100000100 ( 130) QUOTOFD         .FILL x3104
(30B1) 3105  0011000100000101 ( 131) QUOTOFC         .FILL x3105
(30B2) 3106  0011000100000110 ( 132) F               .FILL x3106
(30B3) 3107  0011000100000111 ( 133) MODF            .FILL x3107
(30B4) 3108  0011000100001000 ( 134) NEWC            .FILL x3108
