(0000) 3000  0011000000000000 (   1)                 .ORIG x3000
(3000) 264F  0010011001001111 (   3)                 LD    R3 COUNTER
(3001) 2CD1  0010110011010001 (   4)                 LD    R6 BASE
(3002) E04E  1110000001001110 (   5)                 LEA   R0 MSG0
(3003) 1820  0001100000100000 (   6)                 ADD   R4 R0 #0
(3004) 1120  0001000100100000 (   7) LOOP            ADD   R0 R4 #0
(3005) F022  1111000000100010 (   8)                 TRAP  x22
(3006) F023  1111000000100011 (   9)                 TRAP  x23
(3007) 1220  0001001000100000 (  10)                 ADD   R1 R0 #0
(3008) F023  1111000000100011 (  11)                 TRAP  x23
(3009) 1420  0001010000100000 (  12)                 ADD   R2 R0 #0
(300A) 492A  0100100100101010 (  13)                 JSR   CONVERT
(300B) 4935  0100100100110101 (  14)                 JSR   PUSH
(300C) 1927  0001100100100111 (  15)                 ADD   R4 R4 #7
(300D) 16FF  0001011011111111 (  16)                 ADD   R3 R3 #-1
(300E) 03F5  0000001111110101 (  17)                 BRP   LOOP
(300F) A2C4  1010001011000100 (  19)                 LDI   R1 T1D1
(3010) A4C4  1010010011000100 (  20)                 LDI   R2 T1D2
(3011) B2CC  1011001011001100 (  21)                 STI   R1 MinD1
(3012) B2CD  1011001011001101 (  22)                 STI   R1 MaxD1
(3013) B4CB  1011010011001011 (  23)                 STI   R2 MinD2
(3014) B4CC  1011010011001100 (  24)                 STI   R2 MaxD2
(3015) 2CC0  0010110011000000 (  26)                 LD    R6 T2D1
(3016) 2639  0010011000111001 (  27)                 LD    R3 COUNTER
(3017) 48E3  0100100011100011 (  28)                 JSR   MIN
(3018) 2CBD  0010110010111101 (  29)                 LD    R6 T2D1
(3019) 2636  0010011000110110 (  30)                 LD    R3 COUNTER
(301A) 48FD  0100100011111101 (  31)                 JSR   MAX
(301B) 2CB8  0010110010111000 (  32)                 LD    R6 T1D1
(301C) 2633  0010011000110011 (  33)                 LD    R3 COUNTER
(301D) 4939  0100100100111001 (  34)                 JSR   AVG
(301E) 2CB5  0010110010110101 (  36)                 LD    R6 T1D1
(301F) E08A  1110000010001010 (  37)                 LEA   R0 MSG3
(3020) F022  1111000000100010 (  38)                 TRAP  x22
(3021) 262E  0010011000101110 (  39)                 LD    R3 COUNTER
(3022) 202C  0010000000101100 (  40) UNSTACK         LD    R0 NEWLINE
(3023) F021  1111000000100001 (  41)                 TRAP  x21
(3024) 4921  0100100100100001 (  42)                 JSR   POP
(3025) 1220  0001001000100000 (  43)                 ADD   R1 R0 #0
(3026) 4915  0100100100010101 (  44)                 JSR   REVERT
(3027) F021  1111000000100001 (  45)                 TRAP  x21
(3028) 491D  0100100100011101 (  46)                 JSR   POP
(3029) 4912  0100100100010010 (  47)                 JSR   REVERT
(302A) F021  1111000000100001 (  48)                 TRAP  x21
(302B) 48C8  0100100011001000 (  49)                 JSR   LGRADE
(302C) F022  1111000000100010 (  50)                 TRAP  x22
(302D) 16FF  0001011011111111 (  51)                 ADD   R3 R3 #-1
(302E) 03F3  0000001111110011 (  52)                 BRP   UNSTACK
(302F) 0E00  0000111000000000 (  53)                 BRNZP EXIT
(3030) 201E  0010000000011110 (  54) EXIT            LD    R0 NEWLINE
(3031) F021  1111000000100001 (  55)                 TRAP  x21
(3032) E041  1110000001000001 (  56)                 LEA   R0 MSG1
(3033) F022  1111000000100010 (  57)                 TRAP  x22
(3034) 4911  0100100100010001 (  58)                 JSR   POP
(3035) 4906  0100100100000110 (  59)                 JSR   REVERT
(3036) F021  1111000000100001 (  60)                 TRAP  x21
(3037) 490E  0100100100001110 (  61)                 JSR   POP
(3038) 4903  0100100100000011 (  62)                 JSR   REVERT
(3039) F021  1111000000100001 (  63)                 TRAP  x21
(303A) 2014  0010000000010100 (  64)                 LD    R0 NEWLINE
(303B) F021  1111000000100001 (  65)                 TRAP  x21
(303C) E052  1110000001010010 (  66)                 LEA   R0 MSG2
(303D) F022  1111000000100010 (  67)                 TRAP  x22
(303E) 4907  0100100100000111 (  68)                 JSR   POP
(303F) 48FC  0100100011111100 (  69)                 JSR   REVERT
(3040) F021  1111000000100001 (  70)                 TRAP  x21
(3041) 4904  0100100100000100 (  71)                 JSR   POP
(3042) 48F9  0100100011111001 (  72)                 JSR   REVERT
(3043) F021  1111000000100001 (  73)                 TRAP  x21
(3044) 200A  0010000000001010 (  74)                 LD    R0 NEWLINE
(3045) F021  1111000000100001 (  75)                 TRAP  x21
(3046) E071  1110000001110001 (  76)                 LEA   R0 MSG4
(3047) F022  1111000000100010 (  77)                 TRAP  x22
(3048) 48FD  0100100011111101 (  78)                 JSR   POP
(3049) 48F2  0100100011110010 (  79)                 JSR   REVERT
(304A) F021  1111000000100001 (  80)                 TRAP  x21
(304B) 48FA  0100100011111010 (  81)                 JSR   POP
(304C) 48EF  0100100011101111 (  82)                 JSR   REVERT
(304D) F021  1111000000100001 (  83)                 TRAP  x21
(304E) F025  1111000000100101 (  86) END             TRAP  x25
(304F) 000A  0000000000001010 (  90) NEWLINE         .FILL x000A
(3050) 0005  0000000000000101 (  91) COUNTER         .FILL x0005
(3051) 0054  0000000001010100 (  92) MSG0            .FILL x0054
(3052) 0065  0000000001100101 (  92)                 .FILL x0065
(3053) 0073  0000000001110011 (  92)                 .FILL x0073
(3054) 0074  0000000001110100 (  92)                 .FILL x0074
(3055) 0031  0000000000110001 (  92)                 .FILL x0031
(3056) 003A  0000000000111010 (  92)                 .FILL x003A
(3057) 0000  0000000000000000 (  92)                 .FILL x0000
(3058) 0054  0000000001010100 (  93)                 .FILL x0054
(3059) 0065  0000000001100101 (  93)                 .FILL x0065
(305A) 0073  0000000001110011 (  93)                 .FILL x0073
(305B) 0074  0000000001110100 (  93)                 .FILL x0074
(305C) 0032  0000000000110010 (  93)                 .FILL x0032
(305D) 003A  0000000000111010 (  93)                 .FILL x003A
(305E) 0000  0000000000000000 (  93)                 .FILL x0000
(305F) 0054  0000000001010100 (  94)                 .FILL x0054
(3060) 0065  0000000001100101 (  94)                 .FILL x0065
(3061) 0073  0000000001110011 (  94)                 .FILL x0073
(3062) 0074  0000000001110100 (  94)                 .FILL x0074
(3063) 0033  0000000000110011 (  94)                 .FILL x0033
(3064) 003A  0000000000111010 (  94)                 .FILL x003A
(3065) 0000  0000000000000000 (  94)                 .FILL x0000
(3066) 0054  0000000001010100 (  95)                 .FILL x0054
(3067) 0065  0000000001100101 (  95)                 .FILL x0065
(3068) 0073  0000000001110011 (  95)                 .FILL x0073
(3069) 0074  0000000001110100 (  95)                 .FILL x0074
(306A) 0034  0000000000110100 (  95)                 .FILL x0034
(306B) 003A  0000000000111010 (  95)                 .FILL x003A
(306C) 0000  0000000000000000 (  95)                 .FILL x0000
(306D) 0054  0000000001010100 (  96)                 .FILL x0054
(306E) 0065  0000000001100101 (  96)                 .FILL x0065
(306F) 0073  0000000001110011 (  96)                 .FILL x0073
(3070) 0074  0000000001110100 (  96)                 .FILL x0074
(3071) 0035  0000000000110101 (  96)                 .FILL x0035
(3072) 003A  0000000000111010 (  96)                 .FILL x003A
(3073) 0000  0000000000000000 (  96)                 .FILL x0000
(3074) 0054  0000000001010100 (  97) MSG1            .FILL x0054
(3075) 0068  0000000001101000 (  97)                 .FILL x0068
(3076) 0065  0000000001100101 (  97)                 .FILL x0065
(3077) 0020  0000000000100000 (  97)                 .FILL x0020
(3078) 006D  0000000001101101 (  97)                 .FILL x006D
(3079) 0069  0000000001101001 (  97)                 .FILL x0069
(307A) 006E  0000000001101110 (  97)                 .FILL x006E
(307B) 0069  0000000001101001 (  97)                 .FILL x0069
(307C) 006D  0000000001101101 (  97)                 .FILL x006D
(307D) 0075  0000000001110101 (  97)                 .FILL x0075
(307E) 006D  0000000001101101 (  97)                 .FILL x006D
(307F) 0020  0000000000100000 (  97)                 .FILL x0020
(3080) 0074  0000000001110100 (  97)                 .FILL x0074
(3081) 0065  0000000001100101 (  97)                 .FILL x0065
(3082) 0073  0000000001110011 (  97)                 .FILL x0073
(3083) 0074  0000000001110100 (  97)                 .FILL x0074
(3084) 0020  0000000000100000 (  97)                 .FILL x0020
(3085) 0073  0000000001110011 (  97)                 .FILL x0073
(3086) 0063  0000000001100011 (  97)                 .FILL x0063
(3087) 006F  0000000001101111 (  97)                 .FILL x006F
(3088) 0072  0000000001110010 (  97)                 .FILL x0072
(3089) 0065  0000000001100101 (  97)                 .FILL x0065
(308A) 0020  0000000000100000 (  97)                 .FILL x0020
(308B) 0069  0000000001101001 (  97)                 .FILL x0069
(308C) 0073  0000000001110011 (  97)                 .FILL x0073
(308D) 0020  0000000000100000 (  97)                 .FILL x0020
(308E) 0000  0000000000000000 (  97)                 .FILL x0000
(308F) 0054  0000000001010100 (  98) MSG2            .FILL x0054
(3090) 0068  0000000001101000 (  98)                 .FILL x0068
(3091) 0065  0000000001100101 (  98)                 .FILL x0065
(3092) 0020  0000000000100000 (  98)                 .FILL x0020
(3093) 006D  0000000001101101 (  98)                 .FILL x006D
(3094) 0061  0000000001100001 (  98)                 .FILL x0061
(3095) 0078  0000000001111000 (  98)                 .FILL x0078
(3096) 0069  0000000001101001 (  98)                 .FILL x0069
(3097) 006D  0000000001101101 (  98)                 .FILL x006D
(3098) 0075  0000000001110101 (  98)                 .FILL x0075
(3099) 006D  0000000001101101 (  98)                 .FILL x006D
(309A) 0020  0000000000100000 (  98)                 .FILL x0020
(309B) 0074  0000000001110100 (  98)                 .FILL x0074
(309C) 0065  0000000001100101 (  98)                 .FILL x0065
(309D) 0073  0000000001110011 (  98)                 .FILL x0073
(309E) 0074  0000000001110100 (  98)                 .FILL x0074
(309F) 0020  0000000000100000 (  98)                 .FILL x0020
(30A0) 0073  0000000001110011 (  98)                 .FILL x0073
(30A1) 0063  0000000001100011 (  98)                 .FILL x0063
(30A2) 006F  0000000001101111 (  98)                 .FILL x006F
(30A3) 0072  0000000001110010 (  98)                 .FILL x0072
(30A4) 0065  0000000001100101 (  98)                 .FILL x0065
(30A5) 0020  0000000000100000 (  98)                 .FILL x0020
(30A6) 0069  0000000001101001 (  98)                 .FILL x0069
(30A7) 0073  0000000001110011 (  98)                 .FILL x0073
(30A8) 0020  0000000000100000 (  98)                 .FILL x0020
(30A9) 0000  0000000000000000 (  98)                 .FILL x0000
(30AA) 0054  0000000001010100 (  99) MSG3            .FILL x0054
(30AB) 0065  0000000001100101 (  99)                 .FILL x0065
(30AC) 0073  0000000001110011 (  99)                 .FILL x0073
(30AD) 0074  0000000001110100 (  99)                 .FILL x0074
(30AE) 0020  0000000000100000 (  99)                 .FILL x0020
(30AF) 0073  0000000001110011 (  99)                 .FILL x0073
(30B0) 0063  0000000001100011 (  99)                 .FILL x0063
(30B1) 006F  0000000001101111 (  99)                 .FILL x006F
(30B2) 0072  0000000001110010 (  99)                 .FILL x0072
(30B3) 0065  0000000001100101 (  99)                 .FILL x0065
(30B4) 0073  0000000001110011 (  99)                 .FILL x0073
(30B5) 003A  0000000000111010 (  99)                 .FILL x003A
(30B6) 0020  0000000000100000 (  99)                 .FILL x0020
(30B7) 0000  0000000000000000 (  99)                 .FILL x0000
(30B8) 0054  0000000001010100 ( 100) MSG4            .FILL x0054
(30B9) 0068  0000000001101000 ( 100)                 .FILL x0068
(30BA) 0065  0000000001100101 ( 100)                 .FILL x0065
(30BB) 0020  0000000000100000 ( 100)                 .FILL x0020
(30BC) 0061  0000000001100001 ( 100)                 .FILL x0061
(30BD) 0076  0000000001110110 ( 100)                 .FILL x0076
(30BE) 0065  0000000001100101 ( 100)                 .FILL x0065
(30BF) 0072  0000000001110010 ( 100)                 .FILL x0072
(30C0) 0061  0000000001100001 ( 100)                 .FILL x0061
(30C1) 0067  0000000001100111 ( 100)                 .FILL x0067
(30C2) 0065  0000000001100101 ( 100)                 .FILL x0065
(30C3) 0020  0000000000100000 ( 100)                 .FILL x0020
(30C4) 0074  0000000001110100 ( 100)                 .FILL x0074
(30C5) 0065  0000000001100101 ( 100)                 .FILL x0065
(30C6) 0073  0000000001110011 ( 100)                 .FILL x0073
(30C7) 0074  0000000001110100 ( 100)                 .FILL x0074
(30C8) 0020  0000000000100000 ( 100)                 .FILL x0020
(30C9) 0073  0000000001110011 ( 100)                 .FILL x0073
(30CA) 0063  0000000001100011 ( 100)                 .FILL x0063
(30CB) 006F  0000000001101111 ( 100)                 .FILL x006F
(30CC) 0072  0000000001110010 ( 100)                 .FILL x0072
(30CD) 0065  0000000001100101 ( 100)                 .FILL x0065
(30CE) 0020  0000000000100000 ( 100)                 .FILL x0020
(30CF) 0069  0000000001101001 ( 100)                 .FILL x0069
(30D0) 0073  0000000001110011 ( 100)                 .FILL x0073
(30D1) 0020  0000000000100000 ( 100)                 .FILL x0020
(30D2) 0000  0000000000000000 ( 100)                 .FILL x0000
(30D3) 4110  0100000100010000 ( 103) BASE            .FILL x4110
(30D4) 410F  0100000100001111 ( 104) T1D1            .FILL x410F
(30D5) 410E  0100000100001110 ( 105) T1D2            .FILL x410E
(30D6) 410D  0100000100001101 ( 106) T2D1            .FILL x410D
(30D7) 410C  0100000100001100 ( 107) T2D2            .FILL x410C
(30D8) 410B  0100000100001011 ( 108) T3D1            .FILL x410B
(30D9) 410A  0100000100001010 ( 109) T3D2            .FILL x410A
(30DA) 4109  0100000100001001 ( 110) T4D1            .FILL x4109
(30DB) 4108  0100000100001000 ( 111) T4D2            .FILL x4108
(30DC) 4107  0100000100000111 ( 112) T5D1            .FILL x4107
(30DD) 4106  0100000100000110 ( 113) T5D2            .FILL x4106
(30DE) 4105  0100000100000101 ( 114) MinD1           .FILL x4105
(30DF) 4104  0100000100000100 ( 115) MinD2           .FILL x4104
(30E0) 4103  0100000100000011 ( 116) MaxD1           .FILL x4103
(30E1) 4102  0100000100000010 ( 117) MaxD2           .FILL x4102
(30E2) 4101  0100000100000001 ( 118) AvgD1           .FILL x4101
(30E3) 4100  0100000100000000 ( 119) AvgD2           .FILL x4100
(30E4) 4112  0100000100010010 ( 120) AVGR7           .FILL x4112
(30E5) 002D  0000000000101101 ( 122) GRADE           .FILL x002D
(30E6) 0046  0000000001000110 ( 122)                 .FILL x0046
(30E7) 0000  0000000000000000 ( 122)                 .FILL x0000
(30E8) 002D  0000000000101101 ( 123)                 .FILL x002D
(30E9) 0044  0000000001000100 ( 123)                 .FILL x0044
(30EA) 0000  0000000000000000 ( 123)                 .FILL x0000
(30EB) 002D  0000000000101101 ( 124)                 .FILL x002D
(30EC) 0043  0000000001000011 ( 124)                 .FILL x0043
(30ED) 0000  0000000000000000 ( 124)                 .FILL x0000
(30EE) 002D  0000000000101101 ( 125)                 .FILL x002D
(30EF) 0042  0000000001000010 ( 125)                 .FILL x0042
(30F0) 0000  0000000000000000 ( 125)                 .FILL x0000
(30F1) 002D  0000000000101101 ( 126)                 .FILL x002D
(30F2) 0041  0000000001000001 ( 126)                 .FILL x0041
(30F3) 0000  0000000000000000 ( 126)                 .FILL x0000
(30F4) E1F0  1110000111110000 ( 130) LGRADE          LEA   R0 GRADE
(30F5) 127B  0001001001111011 ( 131)                 ADD   R1 R1 #-5
(30F6) 0C03  0000110000000011 ( 132) GLOOP           BRNZ  DISPLAY
(30F7) 1023  0001000000100011 ( 133)                 ADD   R0 R0 #3
(30F8) 127F  0001001001111111 ( 134)                 ADD   R1 R1 #-1
(30F9) 0FFC  0000111111111100 ( 135)                 BRNZP GLOOP
(30FA) C1C0  1100000111000000 ( 136) DISPLAY         RET   
(30FB) A3E2  1010001111100010 ( 140) MIN             LDI   R1 MinD1
(30FC) 927F  1001001001111111 ( 141)                 NOT   R1 R1
(30FD) 1261  0001001001100001 ( 142)                 ADD   R1 R1 #1
(30FE) 6580  0110010110000000 ( 143)                 LDR   R2 R6 #0
(30FF) 1281  0001001010000001 ( 144)                 ADD   R1 R2 R1
(3100) 020F  0000001000001111 ( 145)                 BRP   NSKIP1
(3101) 0809  0000100000001001 ( 146)                 BRN   NCONT1
(3102) 1DBF  0001110110111111 ( 147)                 ADD   R6 R6 #-1
(3103) A3DB  1010001111011011 ( 148)                 LDI   R1 MinD2
(3104) 927F  1001001001111111 ( 149)                 NOT   R1 R1
(3105) 1261  0001001001100001 ( 150)                 ADD   R1 R1 #1
(3106) 6580  0110010110000000 ( 151)                 LDR   R2 R6 #0
(3107) 1281  0001001010000001 ( 152)                 ADD   R1 R2 R1
(3108) 060B  0000011000001011 ( 153)                 BRZP  NSKIP2
(3109) B5D5  1011010111010101 ( 154)                 STI   R2 MinD2
(310A) 0E09  0000111000001001 ( 155)                 BRNZP NSKIP2
(310B) B5D2  1011010111010010 ( 157) NCONT1          STI   R2 MinD1
(310C) 1DBF  0001110110111111 ( 158)                 ADD   R6 R6 #-1
(310D) 6580  0110010110000000 ( 159)                 LDR   R2 R6 #0
(310E) B5D0  1011010111010000 ( 160)                 STI   R2 MinD2
(310F) 0E04  0000111000000100 ( 161)                 BRNZP NSKIP2
(3110) 1DBE  0001110110111110 ( 163) NSKIP1          ADD   R6 R6 #-2
(3111) 16FF  0001011011111111 ( 164)                 ADD   R3 R3 #-1
(3112) 03E8  0000001111101000 ( 165)                 BRP   MIN
(3113) C1C0  1100000111000000 ( 166)                 RET   
(3114) 1DBF  0001110110111111 ( 168) NSKIP2          ADD   R6 R6 #-1
(3115) 16FF  0001011011111111 ( 169)                 ADD   R3 R3 #-1
(3116) 03E4  0000001111100100 ( 170)                 BRP   MIN
(3117) C1C0  1100000111000000 ( 171)                 RET   
(3118) A3C7  1010001111000111 ( 174) MAX             LDI   R1 MaxD1
(3119) 927F  1001001001111111 ( 175)                 NOT   R1 R1
(311A) 1261  0001001001100001 ( 176)                 ADD   R1 R1 #1
(311B) 6580  0110010110000000 ( 177)                 LDR   R2 R6 #0
(311C) 1281  0001001010000001 ( 178)                 ADD   R1 R2 R1
(311D) 080F  0000100000001111 ( 179)                 BRN   XSKIP1
(311E) 0209  0000001000001001 ( 180)                 BRP   XCONT1
(311F) 1DBF  0001110110111111 ( 181)                 ADD   R6 R6 #-1
(3120) A3C0  1010001111000000 ( 182)                 LDI   R1 MaxD2
(3121) 927F  1001001001111111 ( 183)                 NOT   R1 R1
(3122) 1261  0001001001100001 ( 184)                 ADD   R1 R1 #1
(3123) 6580  0110010110000000 ( 185)                 LDR   R2 R6 #0
(3124) 1281  0001001010000001 ( 186)                 ADD   R1 R2 R1
(3125) 0C0B  0000110000001011 ( 187)                 BRNZ  XSKIP2
(3126) B5BA  1011010110111010 ( 188)                 STI   R2 MaxD2
(3127) 0E09  0000111000001001 ( 189)                 BRNZP XSKIP2
(3128) B5B7  1011010110110111 ( 191) XCONT1          STI   R2 MaxD1
(3129) 1DBF  0001110110111111 ( 192)                 ADD   R6 R6 #-1
(312A) 6580  0110010110000000 ( 193)                 LDR   R2 R6 #0
(312B) B5B5  1011010110110101 ( 194)                 STI   R2 MaxD2
(312C) 0E04  0000111000000100 ( 195)                 BRNZP XSKIP2
(312D) 1DBE  0001110110111110 ( 197) XSKIP1          ADD   R6 R6 #-2
(312E) 16FF  0001011011111111 ( 198)                 ADD   R3 R3 #-1
(312F) 03E8  0000001111101000 ( 199)                 BRP   MAX
(3130) C1C0  1100000111000000 ( 200)                 RET   
(3131) 1DBF  0001110110111111 ( 202) XSKIP2          ADD   R6 R6 #-1
(3132) 16FF  0001011011111111 ( 203)                 ADD   R3 R3 #-1
(3133) 03E4  0000001111100100 ( 204)                 BRP   MAX
(3134) C1C0  1100000111000000 ( 205)                 RET   
(3135) 1270  0001001001110000 ( 209) CONVERT         ADD   R1 R1 #-16
(3136) 1270  0001001001110000 ( 210)                 ADD   R1 R1 #-16
(3137) 1270  0001001001110000 ( 211)                 ADD   R1 R1 #-16
(3138) 14B0  0001010010110000 ( 212)                 ADD   R2 R2 #-16
(3139) 14B0  0001010010110000 ( 213)                 ADD   R2 R2 #-16
(313A) 14B0  0001010010110000 ( 214)                 ADD   R2 R2 #-16
(313B) C1C0  1100000111000000 ( 215)                 RET   
(313C) 102F  0001000000101111 ( 218) REVERT          ADD   R0 R0 #15
(313D) 102F  0001000000101111 ( 219)                 ADD   R0 R0 #15
(313E) 102F  0001000000101111 ( 220)                 ADD   R0 R0 #15
(313F) 1023  0001000000100011 ( 221)                 ADD   R0 R0 #3
(3140) C1C0  1100000111000000 ( 222)                 RET   
(3141) 1DBF  0001110110111111 ( 225) PUSH            ADD   R6 R6 #-1
(3142) 7380  0111001110000000 ( 226)                 STR   R1 R6 #0
(3143) 1DBF  0001110110111111 ( 227)                 ADD   R6 R6 #-1
(3144) 7580  0111010110000000 ( 228)                 STR   R2 R6 #0
(3145) C1C0  1100000111000000 ( 229)                 RET   
(3146) 6180  0110000110000000 ( 232) POP             LDR   R0 R6 #0
(3147) 1DBF  0001110110111111 ( 233)                 ADD   R6 R6 #-1
(3148) C1C0  1100000111000000 ( 234)                 RET   
(3149) 5B60  0101101101100000 ( 239) MULT            AND   R5 R5 #0
(314A) 1B41  0001101101000001 ( 241) MULTSUB         ADD   R5 R5 R1
(314B) 14BF  0001010010111111 ( 242)                 ADD   R2 R2 #-1
(314C) 03FD  0000001111111101 ( 243)                 BRP   MULTSUB
(314D) C1C0  1100000111000000 ( 244)                 RET   
(314E) 94BF  1001010010111111 ( 247) DIV             NOT   R2 R2
(314F) 14A1  0001010010100001 ( 248)                 ADD   R2 R2 #1
(3150) 5B60  0101101101100000 ( 249)                 AND   R5 R5 #0
(3151) 1242  0001001001000010 ( 251) DIVSUB          ADD   R1 R1 R2
(3152) 0803  0000100000000011 ( 252)                 BRN   DIVEND
(3153) 1B61  0001101101100001 ( 253)                 ADD   R5 R5 #1
(3154) 0401  0000010000000001 ( 254)                 BRZ   DIVEND
(3155) 03FB  0000001111111011 ( 255)                 BRP   DIVSUB
(3156) C1C0  1100000111000000 ( 257) DIVEND          RET   
(3157) 3F8C  0011111110001100 ( 259) AVG             ST    R7 AVGR7
(3158) 5020  0101000000100000 ( 260)                 AND   R0 R0 #0
(3159) 5260  0101001001100000 ( 261) AVGWRK          AND   R1 R1 #0
(315A) 54A0  0101010010100000 ( 262)                 AND   R2 R2 #0
(315B) 6580  0110010110000000 ( 263)                 LDR   R2 R6 #0
(315C) 1DBF  0001110110111111 ( 264)                 ADD   R6 R6 #-1
(315D) 126A  0001001001101010 ( 265)                 ADD   R1 R1 #10
(315E) 4FEA  0100111111101010 ( 266)                 JSR   MULT
(315F) 1005  0001000000000101 ( 267)                 ADD   R0 R0 R5
(3160) 6580  0110010110000000 ( 268)                 LDR   R2 R6 #0
(3161) 1002  0001000000000010 ( 269)                 ADD   R0 R0 R2
(3162) 4800  0100100000000000 ( 270)                 JSR   AVGCHK
(3163) 1DBF  0001110110111111 ( 272) AVGCHK          ADD   R6 R6 #-1
(3164) 16FF  0001011011111111 ( 273)                 ADD   R3 R3 #-1
(3165) 03F3  0000001111110011 ( 274)                 BRP   AVGWRK
(3166) 5260  0101001001100000 ( 275)                 AND   R1 R1 #0
(3167) 54A0  0101010010100000 ( 276)                 AND   R2 R2 #0
(3168) 1220  0001001000100000 ( 277)                 ADD   R1 R0 #0
(3169) 14A5  0001010010100101 ( 278)                 ADD   R2 R2 #5
(316A) 4FE3  0100111111100011 ( 279)                 JSR   DIV
(316B) 54A0  0101010010100000 ( 280)                 AND   R2 R2 #0
(316C) 1160  0001000101100000 ( 281)                 ADD   R0 R5 #0
(316D) 1220  0001001000100000 ( 282)                 ADD   R1 R0 #0
(316E) 14AA  0001010010101010 ( 283)                 ADD   R2 R2 #10
(316F) 4FDE  0100111111011110 ( 284)                 JSR   DIV
(3170) BB71  1011101101110001 ( 285)                 STI   R5 AvgD1
(3171) A570  1010010101110000 ( 286)                 LDI   R2 AvgD1
(3172) 526A  0101001001101010 ( 287)                 AND   R1 R1 #10
(3173) 4FD5  0100111111010101 ( 288)                 JSR   MULT
(3174) 9B7F  1001101101111111 ( 289)                 NOT   R5 R5
(3175) 1B61  0001101101100001 ( 290)                 ADD   R5 R5 #1
(3176) 1205  0001001000000101 ( 291)                 ADD   R1 R0 R5
(3177) B36B  1011001101101011 ( 292)                 STI   R1 AvgD2
(3178) 2F6B  0010111101101011 ( 293)                 LD    R7 AVGR7
(3179) C1C0  1100000111000000 ( 294)                 RET   
