(0000) 3000  0011000000000000 (   3)                 .ORIG x3000
(3000) A224  1010001000100100 (   4)                 LDI   R1 n
(3001) 54A0  0101010010100000 (   5)                 AND   R2 R2 #0
(3002) 14A1  0001010010100001 (   6)                 ADD   R2 R2 #1
(3003) 14BD  0001010010111101 (   7)                 ADD   R2 R2 #-3
(3004) 1481  0001010010000001 (   8)                 ADD   R2 R2 R1
(3005) 0204  0000001000000100 (   9)                 BRP   POS
(3006) 5920  0101100100100000 (  10)                 AND   R4 R4 #0
(3007) 1921  0001100100100001 (  11)                 ADD   R4 R4 #1
(3008) B41D  1011010000011101 (  12)                 STI   R2 Fn
(3009) 0E1A  0000111000011010 (  13)                 BRNZP skip
(300A) 54A0  0101010010100000 (  14) POS             AND   R2 R2 #0
(300B) 14A1  0001010010100001 (  15)                 ADD   R2 R2 #1
(300C) 56E0  0101011011100000 (  16)                 AND   R3 R3 #0
(300D) 16E1  0001011011100001 (  17)                 ADD   R3 R3 #1
(300E) 1A7E  0001101001111110 (  18)                 ADD   R5 R1 #-2
(300F) 1883  0001100010000011 (  19) FAB             ADD   R4 R2 R3
(3010) 14E0  0001010011100000 (  20)                 ADD   R2 R3 #0
(3011) 1720  0001011100100000 (  21)                 ADD   R3 R4 #0
(3012) 1B7F  0001101101111111 (  22)                 ADD   R5 R5 #-1
(3013) 03FB  0000001111111011 (  23)                 BRP   FAB
(3014) 54A0  0101010010100000 (  24)                 AND   R2 R2 #0
(3015) 14A1  0001010010100001 (  25)                 ADD   R2 R2 #1
(3016) 56E0  0101011011100000 (  26)                 AND   R3 R3 #0
(3017) 16E1  0001011011100001 (  27)                 ADD   R3 R3 #1
(3018) 5B60  0101101101100000 (  28)                 AND   R5 R5 #0
(3019) 1922  0001100100100010 (  29)                 ADD   R4 R4 #2
(301A) 1883  0001100010000011 (  30) FAB2            ADD   R4 R2 R3
(301B) 0804  0000100000000100 (  31)                 BRN   NEG
(301C) 14E0  0001010011100000 (  32)                 ADD   R2 R3 #0
(301D) 1720  0001011100100000 (  33)                 ADD   R3 R4 #0
(301E) 1921  0001100100100001 (  34)                 ADD   R4 R4 #1
(301F) 03FA  0000001111111010 (  35)                 BRP   FAB2
(3020) 5DA0  0101110110100000 (  36) NEG             AND   R6 R6 #0
(3021) 1D60  0001110101100000 (  37)                 ADD   R6 R5 #0
(3022) BC04  1011110000000100 (  38)                 STI   R6 N
(3023) B604  1011011000000100 (  39)                 STI   R3 FN
(3024) F025  1111000000100101 (  41) skip            TRAP  x25
(3025) 3100  0011000100000000 (  42) n               .FILL x3100
(3026) 3101  0011000100000001 (  43) Fn              .FILL x3101
(3027) 3102  0011000100000010 (  44) N               .FILL x3102
(3028) 3103  0011000100000011 (  45) FN              .FILL x3103
