(0000) 0300  0000001100000000 (   3)                 .ORIG x0300
(0300) 4801  0100100000000001 (   4)                 JSR   MULT1
(0301) F025  1111000000100101 (   5)                 TRAP  x25
(0302) 3030  0011000000110000 (   8) MULT1           ST    R0 SAVEREG0
(0303) 3230  0011001000110000 (   9)                 ST    R1 SAVEREG1
(0304) 3430  0011010000110000 (  10)                 ST    R2 SAVEREG2
(0305) 3630  0011011000110000 (  11)                 ST    R3 SAVEREG3
(0306) 3830  0011100000110000 (  12)                 ST    R4 SAVEREG4
(0307) 3A30  0011101000110000 (  13)                 ST    R5 SAVEREG5
(0308) 3C30  0011110000110000 (  14)                 ST    R6 SAVEREG6
(0309) 3E30  0011111000110000 (  15)                 ST    R7 SAVEREG7
(030A) 5FE0  0101111111100000 (  17)                 AND   R7 R7 #0
(030B) 1FE1  0001111111100001 (  18)                 ADD   R7 R7 #1
(030C) A02E  1010000000101110 (  19)                 LDI   R0 X
(030D) 1020  0001000000100000 (  20)                 ADD   R0 R0 #0
(030E) 0603  0000011000000011 (  21)                 BRZP  POS
(030F) 1FFF  0001111111111111 (  22)                 ADD   R7 R7 #-1
(0310) 903F  1001000000111111 (  23)                 NOT   R0 R0
(0311) 1021  0001000000100001 (  24)                 ADD   R0 R0 #1
(0312) A229  1010001000101001 (  26) POS             LDI   R1 Y
(0313) 1260  0001001001100000 (  27)                 ADD   R1 R1 #0
(0314) 0603  0000011000000011 (  28)                 BRZP  POS2
(0315) 1FFF  0001111111111111 (  29)                 ADD   R7 R7 #-1
(0316) 927F  1001001001111111 (  30)                 NOT   R1 R1
(0317) 1261  0001001001100001 (  31)                 ADD   R1 R1 #1
(0318) 54A0  0101010010100000 (  33) POS2            AND   R2 R2 #0
(0319) 5920  0101100100100000 (  34)                 AND   R4 R4 #0
(031A) 5B20  0101101100100000 (  35)                 AND   R5 R4 #0
(031B) 192F  0001100100101111 (  36)                 ADD   R4 R4 #15
(031C) 14A1  0001010010100001 (  37)                 ADD   R2 R2 #1
(031D) 1C60  0001110001100000 (  38)                 ADD   R6 R1 #0
(031E) 5782  0101011110000010 (  40) LOOP            AND   R3 R6 R2
(031F) 0401  0000010000000001 (  41)                 BRZ   ISZERO
(0320) 1B40  0001101101000000 (  42)                 ADD   R5 R5 R0
(0321) 1482  0001010010000010 (  44) ISZERO          ADD   R2 R2 R2
(0322) 1000  0001000000000000 (  45)                 ADD   R0 R0 R0
(0323) 193F  0001100100111111 (  46)                 ADD   R4 R4 #-1
(0324) 03F9  0000001111111001 (  47)                 BRP   LOOP
(0325) 1FE0  0001111111100000 (  48)                 ADD   R7 R7 #0
(0326) 0A02  0000101000000010 (  49)                 BRNP  NOTZERO
(0327) 9B7F  1001101101111111 (  50)                 NOT   R5 R5
(0328) 1B61  0001101101100001 (  51)                 ADD   R5 R5 #1
(0329) BA13  1011101000010011 (  53) NOTZERO         STI   R5 P
(032A) 2008  0010000000001000 (  54)                 LD    R0 SAVEREG0
(032B) 2208  0010001000001000 (  55)                 LD    R1 SAVEREG1
(032C) 2408  0010010000001000 (  56)                 LD    R2 SAVEREG2
(032D) 2608  0010011000001000 (  57)                 LD    R3 SAVEREG3
(032E) 2808  0010100000001000 (  58)                 LD    R4 SAVEREG4
(032F) 2A08  0010101000001000 (  59)                 LD    R5 SAVEREG5
(0330) 2C08  0010110000001000 (  60)                 LD    R6 SAVEREG6
(0331) 2E08  0010111000001000 (  61)                 LD    R7 SAVEREG7
(0332) C1C0  1100000111000000 (  62)                 RET   
(0333) 0000  0000000000000000 (  64) SAVEREG0        .FILL x0000
(0334) 0001  0000000000000001 (  65) SAVEREG1        .FILL x0001
(0335) 0002  0000000000000010 (  66) SAVEREG2        .FILL x0002
(0336) 0003  0000000000000011 (  67) SAVEREG3        .FILL x0003
(0337) 0004  0000000000000100 (  68) SAVEREG4        .FILL x0004
(0338) 0005  0000000000000101 (  69) SAVEREG5        .FILL x0005
(0339) 0006  0000000000000110 (  70) SAVEREG6        .FILL x0006
(033A) 0007  0000000000000111 (  71) SAVEREG7        .FILL x0007
(033B) 3100  0011000100000000 (  72) X               .FILL x3100
(033C) 3101  0011000100000001 (  73) Y               .FILL x3101
(033D) 3102  0011000100000010 (  74) P               .FILL x3102
