(0000) 3000  0011000000000000 (   6)                 .ORIG x3000
(3000) 5260  0101001001100000 (   8)                 AND   R1 R1 #0
(3001) A21A  1010001000011010 (   9)                 LDI   R1 D
(3002) 54A0  0101010010100000 (  10)                 AND   R2 R2 #0
(3003) A419  1010010000011001 (  11)                 LDI   R2 C
(3004) 56E0  0101011011100000 (  14)                 AND   R3 R3 #0
(3005) 16EA  0001011011101010 (  15)                 ADD   R3 R3 #10
(3006) 96FF  1001011011111111 (  16)                 NOT   R3 R3
(3007) 16E1  0001011011100001 (  17)                 ADD   R3 R3 #1
(3008) 5920  0101100100100000 (  20)                 AND   R4 R4 #0
(3009) 1883  0001100010000011 (  21)                 ADD   R4 R2 R3
(300A) B814  1011100000010100 (  22)                 STI   R4 CRES
(300B) 5B60  0101101101100000 (  27)                 AND   R5 R5 #0
(300C) 1A42  0001101001000010 (  28)                 ADD   R5 R1 R2
(300D) 1B43  0001101101000011 (  29)                 ADD   R5 R5 R3
(300E) 0202  0000001000000010 (  30)                 BRP   POS
(300F) 0808  0000100000001000 (  31)                 BRN   NEG
(3010) 0404  0000010000000100 (  32)                 BRZ   ZER
(3011) 5DA0  0101110110100000 (  35) POS             AND   R6 R6 #0
(3012) 1DA1  0001110110100001 (  36)                 ADD   R6 R6 #1
(3013) BC0A  1011110000001010 (  37)                 STI   R6 RES
(3014) F025  1111000000100101 (  38)                 TRAP  x25
(3015) 5DA0  0101110110100000 (  41) ZER             AND   R6 R6 #0
(3016) BC07  1011110000000111 (  42)                 STI   R6 RES
(3017) F025  1111000000100101 (  43)                 TRAP  x25
(3018) 5DA0  0101110110100000 (  47) NEG             AND   R6 R6 #0
(3019) 1DA2  0001110110100010 (  48)                 ADD   R6 R6 #2
(301A) BC03  1011110000000011 (  49)                 STI   R6 RES
(301B) F025  1111000000100101 (  50)                 TRAP  x25
(301C) 3200  0011001000000000 (  55) D               .FILL x3200
(301D) 3201  0011001000000001 (  56) C               .FILL x3201
(301E) 3202  0011001000000010 (  57) RES             .FILL x3202
(301F) 3203  0011001000000011 (  58) CRES            .FILL x3203
