(0000) 3000  0011000000000000 (  10)                 .ORIG x3000
(3000) 5260  0101001001100000 (  15)                 AND   R1 R1 #0
(3001) 54A0  0101010010100000 (  16)                 AND   R2 R2 #0
(3002) 56E0  0101011011100000 (  17)                 AND   R3 R3 #0
(3003) 5920  0101100100100000 (  18)                 AND   R4 R4 #0
(3004) 5B60  0101101101100000 (  19)                 AND   R5 R5 #0
(3005) A215  1010001000010101 (  22)                 LDI   R1 P
(3006) A415  1010010000010101 (  23)                 LDI   R2 Q
(3007) 94BF  1001010010111111 (  25)                 NOT   R2 R2
(3008) 14A1  0001010010100001 (  26)                 ADD   R2 R2 #1
(3009) A613  1010011000010011 (  28)                 LDI   R3 RES
(300A) 1842  0001100001000010 (  30)                 ADD   R4 R1 R2
(300B) 0202  0000001000000010 (  32)                 BRP   POS
(300C) 0804  0000100000000100 (  33)                 BRN   NEG
(300D) 040A  0000010000001010 (  34)                 BRZ   EQUAL
(300E) 16E2  0001011011100010 (  38) POS             ADD   R3 R3 #2
(300F) B60D  1011011000001101 (  39)                 STI   R3 RES
(3010) F025  1111000000100101 (  40)                 TRAP  x25
(3011) 5B60  0101101101100000 (  43) NEG             AND   R5 R5 #0
(3012) 1B61  0001101101100001 (  44)                 ADD   R5 R5 #1
(3013) 9B7F  1001101101111111 (  45)                 NOT   R5 R5
(3014) 1B61  0001101101100001 (  46)                 ADD   R5 R5 #1
(3015) 1743  0001011101000011 (  47)                 ADD   R3 R5 R3
(3016) B606  1011011000000110 (  48)                 STI   R3 RES
(3017) F025  1111000000100101 (  49)                 TRAP  x25
(3018) 16E1  0001011011100001 (  52) EQUAL           ADD   R3 R3 #1
(3019) B603  1011011000000011 (  53)                 STI   R3 RES
(301A) F025  1111000000100101 (  54)                 TRAP  x25
(301B) 3200  0011001000000000 (  57) P               .FILL x3200
(301C) 3201  0011001000000001 (  58) Q               .FILL x3201
(301D) 3202  0011001000000010 (  59) RES             .FILL x3202
